<?xml version="1.0" encoding="UTF-8"?>
<!-- Generated by org.testng.reporters.JUnitReportReporter -->
<testsuite hostname="NadaFouad" failures="0" tests="9" name="com.internship.tests.SignInTest" time="11.116" errors="0" timestamp="2026-05-02T11:12:38 EEST" skipped="0">
  <testcase classname="com.internship.tests.SignInTest" name="TC022_navigateToSignUp" time="0.972"/>
  <testcase classname="com.internship.tests.SignInTest" name="TC015_signInCorrectCredentials" time="2.060"/>
  <testcase classname="com.internship.tests.SignInTest" name="TC023_createOneLinkDisabledDuringLoading" time="1.008"/>
  <testcase classname="com.internship.tests.SignInTest" name="TC020_signInEmptyPassword" time="1.000"/>
  <testcase classname="com.internship.tests.SignInTest" name="TC021_loadingSpinnerDuringSignIn" time="1.013"/>
  <testcase classname="com.internship.tests.SignInTest" name="TC017_signInNonExistentEmail" time="1.570"/>
  <testcase classname="com.internship.tests.SignInTest" name="TC016_signInWrongPassword" time="1.629"/>
  <testcase classname="com.internship.tests.SignInTest" name="TC018_signInAllFieldsEmpty" time="0.875"/>
  <testcase classname="com.internship.tests.SignInTest" name="TC019_signInInvalidEmail" time="0.989"/>
</testsuite> <!-- com.internship.tests.SignInTest -->
