<?xml version="1.0" encoding="UTF-8"?>
<!-- Generated by org.testng.reporters.JUnitReportReporter -->
<testsuite hostname="NadaFouad" failures="0" tests="9" name="com.internship.tests.SignInTest" time="9.401" errors="0" timestamp="2026-04-26T03:14:58 EEST" skipped="0">
  <testcase classname="com.internship.tests.SignInTest" name="TC018_signInWrongPassword" time="1.536"/>
  <testcase classname="com.internship.tests.SignInTest" name="TC023_loadingSpinnerDuringSignIn" time="0.915"/>
  <testcase classname="com.internship.tests.SignInTest" name="TC020_signInAllFieldsEmpty" time="0.787"/>
  <testcase classname="com.internship.tests.SignInTest" name="TC017_signInCorrectCredentials" time="1.683"/>
  <testcase classname="com.internship.tests.SignInTest" name="TC024_navigateToSignUp" time="0.854"/>
  <testcase classname="com.internship.tests.SignInTest" name="TC022_signInEmptyPassword" time="0.902"/>
  <testcase classname="com.internship.tests.SignInTest" name="TC025_createOneLinkDisabledDuringLoading" time="0.940"/>
  <testcase classname="com.internship.tests.SignInTest" name="TC019_signInNonExistentEmail" time="0.919"/>
  <testcase classname="com.internship.tests.SignInTest" name="TC021_signInInvalidEmail" time="0.865"/>
</testsuite> <!-- com.internship.tests.SignInTest -->
