<?xml version="1.0" encoding="UTF-8"?>
<!-- Generated by org.testng.reporters.JUnitReportReporter -->
<testsuite hostname="NadaFouad" failures="0" tests="9" name="com.internship.tests.SignUpTest" time="7.766" errors="0" timestamp="2026-04-26T03:14:58 EEST" skipped="0">
  <testcase classname="com.internship.tests.SignUpTest" name="TC009_passwordFiveChars" time="0.753"/>
  <testcase classname="com.internship.tests.SignUpTest" name="TC006_allFieldsEmpty" time="0.978"/>
  <testcase classname="com.internship.tests.SignUpTest" name="TC007_firstNameOneChar" time="0.753"/>
  <testcase classname="com.internship.tests.SignUpTest" name="TC008_lastNameOneChar" time="0.757"/>
  <testcase classname="com.internship.tests.SignUpTest" name="TC016_navigateToSignIn" time="0.718"/>
  <testcase classname="com.internship.tests.SignUpTest" name="TC010_invalidEmail" time="0.742"/>
  <testcase classname="com.internship.tests.SignUpTest" name="TC011_invalidEmailMissingDomain" time="0.839"/>
  <testcase classname="com.internship.tests.SignUpTest" name="TC013_uploadImageThenRemove" time="0.740"/>
  <testcase classname="com.internship.tests.SignUpTest" name="TC015_duplicateEmail" time="1.486"/>
</testsuite> <!-- com.internship.tests.SignUpTest -->
