<?xml version="1.0" encoding="UTF-8"?>
<!-- Generated by org.testng.reporters.JUnitReportReporter -->
<testsuite hostname="NadaFouad" failures="0" tests="8" name="com.internship.tests.ProfileTest" time="2.082" errors="0" timestamp="2026-04-26T03:14:58 EEST" skipped="0">
  <testcase classname="com.internship.tests.ProfileTest" name="TC031_profileShowsPhotoWhenSet" time="0.090"/>
  <testcase classname="com.internship.tests.ProfileTest" name="TC032_logoutFromProfile" time="0.697"/>
  <testcase classname="com.internship.tests.ProfileTest" name="TC026_profileDisplaysAllFields" time="0.652"/>
  <testcase classname="com.internship.tests.ProfileTest" name="TC028_togglePasswordVisibility" time="0.296"/>
  <testcase classname="com.internship.tests.ProfileTest" name="TC034_accessProfileWithoutLogin" time="0.061"/>
  <testcase classname="com.internship.tests.ProfileTest" name="TC027_passwordMaskedByDefault" time="0.089"/>
  <testcase classname="com.internship.tests.ProfileTest" name="TC029_updateProfilePicture" time="0.110"/>
  <testcase classname="com.internship.tests.ProfileTest" name="TC030_profileShowsInitialsWhenNoPhoto" time="0.087"/>
</testsuite> <!-- com.internship.tests.ProfileTest -->
