<?xml version="1.0" encoding="UTF-8"?>
<!-- Generated by org.testng.reporters.JUnitReportReporter -->
<testsuite hostname="NadaFouad" failures="0" tests="7" name="com.internship.tests.ProfileTest" time="3.085" errors="0" timestamp="2026-05-02T11:12:38 EEST" skipped="0">
  <testcase classname="com.internship.tests.ProfileTest" name="TC024_profileDisplaysAllFields" time="0.657"/>
  <testcase classname="com.internship.tests.ProfileTest" name="TC026_togglePasswordVisibility" time="0.781"/>
  <testcase classname="com.internship.tests.ProfileTest" name="TC029_logoutFromProfile" time="0.213"/>
  <testcase classname="com.internship.tests.ProfileTest" name="TC027_updateProfilePicture" time="0.622"/>
  <testcase classname="com.internship.tests.ProfileTest" name="TC025_passwordMaskedByDefault" time="0.138"/>
  <testcase classname="com.internship.tests.ProfileTest" name="TC030_accessProfileWithoutLogin" time="0.073"/>
  <testcase classname="com.internship.tests.ProfileTest" name="TC028_profileShowsPhotoWhenSet" time="0.601"/>
</testsuite> <!-- com.internship.tests.ProfileTest -->
