<?xml version="1.0" encoding="UTF-8"?>
<!-- Generated by org.testng.reporters.JUnitXMLReporter -->
<testsuite ignored="0" hostname="NadaFouad" failures="0" tests="8" name="Profile Tests" time="5.253" errors="0" timestamp="2026-04-26T03:14:55 EEST">
  <testcase classname="com.internship.tests.ProfileTest" name="TC026_profileDisplaysAllFields" time="0.652"/>
  <testcase classname="com.internship.tests.ProfileTest" name="TC027_passwordMaskedByDefault" time="0.089"/>
  <testcase classname="com.internship.tests.ProfileTest" name="TC028_togglePasswordVisibility" time="0.296"/>
  <testcase classname="com.internship.tests.ProfileTest" name="TC029_updateProfilePicture" time="0.11"/>
  <testcase classname="com.internship.tests.ProfileTest" name="TC030_profileShowsInitialsWhenNoPhoto" time="0.087"/>
  <testcase classname="com.internship.tests.ProfileTest" name="TC031_profileShowsPhotoWhenSet" time="0.09"/>
  <testcase classname="com.internship.tests.ProfileTest" name="TC032_logoutFromProfile" time="0.697"/>
  <testcase classname="com.internship.tests.ProfileTest" name="TC034_accessProfileWithoutLogin" time="0.061"/>
</testsuite> <!-- Profile Tests -->
