<?xml version="1.0" encoding="UTF-8"?>
<!-- Generated by org.testng.reporters.JUnitXMLReporter -->
<testsuite ignored="0" hostname="NadaFouad" failures="0" tests="14" name="SignUp Tests" time="19.459" errors="0" timestamp="2026-05-02T11:12:14 EEST">
  <testcase classname="com.internship.tests.SignUpTest" name="TC001_signUpNoPhoto" time="1.234"/>
  <testcase classname="com.internship.tests.SignUpTest" name="TC002_signUpWithPhoto" time="2.2"/>
  <testcase classname="com.internship.tests.SignUpTest" name="TC003_firstNameTwoChars" time="1.825"/>
  <testcase classname="com.internship.tests.SignUpTest" name="TC004_lastNameTwoChars" time="1.784"/>
  <testcase classname="com.internship.tests.SignUpTest" name="TC005_passwordSixChars" time="1.735"/>
  <testcase classname="com.internship.tests.SignUpTest" name="TC006_allFieldsEmpty" time="0.708"/>
  <testcase classname="com.internship.tests.SignUpTest" name="TC007_firstNameOneChar" time="0.855"/>
  <testcase classname="com.internship.tests.SignUpTest" name="TC008_lastNameOneChar" time="0.772"/>
  <testcase classname="com.internship.tests.SignUpTest" name="TC009_passwordFiveChars" time="0.816"/>
  <testcase classname="com.internship.tests.SignUpTest" name="TC010_invalidEmail" time="0.785"/>
  <testcase classname="com.internship.tests.SignUpTest" name="TC011_invalidEmailMissingDomain" time="0.799"/>
  <testcase classname="com.internship.tests.SignUpTest" name="TC012_uploadImageThenRemove" time="0.948"/>
  <testcase classname="com.internship.tests.SignUpTest" name="TC013_duplicateEmail" time="1.853"/>
  <testcase classname="com.internship.tests.SignUpTest" name="TC014_navigateToSignIn" time="0.875"/>
</testsuite> <!-- SignUp Tests -->
