<?xml version="1.0" encoding="UTF-8"?>
<!-- Generated by org.testng.reporters.JUnitXMLReporter -->
<testsuite ignored="0" hostname="NadaFouad" failures="0" tests="9" name="SignIn Tests" time="12.689" errors="0" timestamp="2026-05-02T11:12:27 EEST">
  <testcase classname="com.internship.tests.SignInTest" name="TC015_signInCorrectCredentials" time="2.06"/>
  <testcase classname="com.internship.tests.SignInTest" name="TC016_signInWrongPassword" time="1.629"/>
  <testcase classname="com.internship.tests.SignInTest" name="TC017_signInNonExistentEmail" time="1.57"/>
  <testcase classname="com.internship.tests.SignInTest" name="TC018_signInAllFieldsEmpty" time="0.875"/>
  <testcase classname="com.internship.tests.SignInTest" name="TC019_signInInvalidEmail" time="0.989"/>
  <testcase classname="com.internship.tests.SignInTest" name="TC020_signInEmptyPassword" time="1.0"/>
  <testcase classname="com.internship.tests.SignInTest" name="TC021_loadingSpinnerDuringSignIn" time="1.013"/>
  <testcase classname="com.internship.tests.SignInTest" name="TC022_navigateToSignUp" time="0.972"/>
  <testcase classname="com.internship.tests.SignInTest" name="TC023_createOneLinkDisabledDuringLoading" time="1.008"/>
</testsuite> <!-- SignIn Tests -->
