<?xml version="1.0" encoding="UTF-8"?>
<testsuite xmlns:xsi="http://www.w3.org/2001/XMLSchema-instance" xsi:noNamespaceSchemaLocation="https://maven.apache.org/surefire/maven-surefire-plugin/xsd/surefire-test-report-3.0.xsd" version="3.0" name="TestSuite" time="44.416" tests="31" errors="0" skipped="0" failures="0">
  <properties>
[...]
</properties>
  <testcase name="TC001_signUpNoPhoto" classname="com.internship.tests.SignUpTest" time="1.236">
    <system-out><![CDATA[TC-001 PASSED: Signup blocked without photo
]]></system-out>
    <system-err><![CDATA[SLF4J: Failed to load class "org.slf4j.impl.StaticLoggerBinder".
SLF4J: Defaulting to no-operation (NOP) logger implementation
SLF4J: See http://www.slf4j.org/codes.html#StaticLoggerBinder for further details.
May 02, 2026 11:11:56 AM org.openqa.selenium.devtools.CdpVersionFinder findNearestMatch
WARNING: Unable to find CDP implementation matching 147
May 02, 2026 11:11:56 AM org.openqa.selenium.chromium.ChromiumDriver lambda$new$5
WARNING: Unable to find version of CDP to use for 147.0.7727.138. You may need to include a dependency on a specific version of the CDP using something similar to `org.seleniumhq.selenium:selenium-devtools-v86:4.18.1` where the version ("v86") matches the version of the chromium-based browser you're using and the version number of the artifact is the same as Selenium's.
]]></system-err>
  </testcase>
  <testcase name="TC002_signUpWithPhoto" classname="com.internship.tests.SignUpTest" time="2.199">
    <system-out><![CDATA[TC-002 PASSED: Signup with photo successful
]]></system-out>
  </testcase>
  <testcase name="TC003_firstNameTwoChars" classname="com.internship.tests.SignUpTest" time="1.826">
    <system-out><![CDATA[TC-003 PASSED
]]></system-out>
  </testcase>
  <testcase name="TC004_lastNameTwoChars" classname="com.internship.tests.SignUpTest" time="1.785">
    <system-out><![CDATA[TC-004 PASSED
]]></system-out>
  </testcase>
  <testcase name="TC005_passwordSixChars" classname="com.internship.tests.SignUpTest" time="1.737">
    <system-out><![CDATA[TC-005 PASSED
]]></system-out>
  </testcase>
  <testcase name="TC006_allFieldsEmpty" classname="com.internship.tests.SignUpTest" time="0.707">
    <system-out><![CDATA[TC-006 PASSED
]]></system-out>
  </testcase>
  <testcase name="TC007_firstNameOneChar" classname="com.internship.tests.SignUpTest" time="0.856">
    <system-out><![CDATA[TC-007 PASSED
]]></system-out>
  </testcase>
  <testcase name="TC008_lastNameOneChar" classname="com.internship.tests.SignUpTest" time="0.771">
    <system-out><![CDATA[TC-008 PASSED
]]></system-out>
  </testcase>
  <testcase name="TC009_passwordFiveChars" classname="com.internship.tests.SignUpTest" time="0.818">
    <system-out><![CDATA[TC-009 PASSED
]]></system-out>
  </testcase>
  <testcase name="TC010_invalidEmail" classname="com.internship.tests.SignUpTest" time="0.786">
    <system-out><![CDATA[TC-010 PASSED
]]></system-out>
  </testcase>
  <testcase name="TC011_invalidEmailMissingDomain" classname="com.internship.tests.SignUpTest" time="0.8">
    <system-out><![CDATA[TC-011 PASSED
]]></system-out>
  </testcase>
  <testcase name="TC012_uploadImageThenRemove" classname="com.internship.tests.SignUpTest" time="0.95">
    <system-out><![CDATA[TC-012 PASSED
]]></system-out>
  </testcase>
  <testcase name="TC013_duplicateEmail" classname="com.internship.tests.SignUpTest" time="1.852">
    <system-out><![CDATA[TC-013 PASSED
]]></system-out>
  </testcase>
  <testcase name="TC014_navigateToSignIn" classname="com.internship.tests.SignUpTest" time="0.876">
    <system-out><![CDATA[TC-014 PASSED
]]></system-out>
  </testcase>
  <testcase name="TC015_signInCorrectCredentials" classname="com.internship.tests.SignInTest" time="2.061">
    <system-out><![CDATA[TC-015 PASSED
]]></system-out>
    <system-err><![CDATA[May 02, 2026 11:12:15 AM org.openqa.selenium.devtools.CdpVersionFinder findNearestMatch
WARNING: Unable to find CDP implementation matching 147
May 02, 2026 11:12:15 AM org.openqa.selenium.chromium.ChromiumDriver lambda$new$5
WARNING: Unable to find version of CDP to use for 147.0.7727.138. You may need to include a dependency on a specific version of the CDP using something similar to `org.seleniumhq.selenium:selenium-devtools-v86:4.18.1` where the version ("v86") matches the version of the chromium-based browser you're using and the version number of the artifact is the same as Selenium's.
]]></system-err>
  </testcase>
  <testcase name="TC016_signInWrongPassword" classname="com.internship.tests.SignInTest" time="1.631">
    <system-out><![CDATA[TC-016 PASSED
]]></system-out>
  </testcase>
  <testcase name="TC017_signInNonExistentEmail" classname="com.internship.tests.SignInTest" time="1.571">
    <system-out><![CDATA[TC-017 PASSED
]]></system-out>
  </testcase>
  <testcase name="TC018_signInAllFieldsEmpty" classname="com.internship.tests.SignInTest" time="0.875">
    <system-out><![CDATA[TC-018 PASSED
]]></system-out>
  </testcase>
  <testcase name="TC019_signInInvalidEmail" classname="com.internship.tests.SignInTest" time="0.988">
    <system-out><![CDATA[TC-019 PASSED
]]></system-out>
  </testcase>
  <testcase name="TC020_signInEmptyPassword" classname="com.internship.tests.SignInTest" time="1.0">
    <system-out><![CDATA[TC-020 PASSED
]]></system-out>
  </testcase>
  <testcase name="TC021_loadingSpinnerDuringSignIn" classname="com.internship.tests.SignInTest" time="1.014">
    <system-out><![CDATA[TC-021 PASSED
]]></system-out>
  </testcase>
  <testcase name="TC022_navigateToSignUp" classname="com.internship.tests.SignInTest" time="0.974">
    <system-out><![CDATA[TC-022 PASSED
]]></system-out>
  </testcase>
  <testcase name="TC023_createOneLinkDisabledDuringLoading" classname="com.internship.tests.SignInTest" time="1.01">
    <system-out><![CDATA[TC-023 PASSED
]]></system-out>
  </testcase>
  <testcase name="TC024_profileDisplaysAllFields" classname="com.internship.tests.ProfileTest" time="0.658">
    <system-out><![CDATA[TC-024 PASSED
]]></system-out>
    <system-err><![CDATA[May 02, 2026 11:12:28 AM org.openqa.selenium.devtools.CdpVersionFinder findNearestMatch
WARNING: Unable to find CDP implementation matching 147
May 02, 2026 11:12:28 AM org.openqa.selenium.chromium.ChromiumDriver lambda$new$5
WARNING: Unable to find version of CDP to use for 147.0.7727.138. You may need to include a dependency on a specific version of the CDP using something similar to `org.seleniumhq.selenium:selenium-devtools-v86:4.18.1` where the version ("v86") matches the version of the chromium-based browser you're using and the version number of the artifact is the same as Selenium's.
]]></system-err>
  </testcase>
  <testcase name="TC025_passwordMaskedByDefault" classname="com.internship.tests.ProfileTest" time="0.138">
    <system-out><![CDATA[TC-025 PASSED: Password is masked, displayed as: 
]]></system-out>
  </testcase>
  <testcase name="TC026_togglePasswordVisibility" classname="com.internship.tests.ProfileTest" time="0.781">
    <system-out><![CDATA[TC-026 PASSED
]]></system-out>
  </testcase>
  <testcase name="TC027_updateProfilePicture" classname="com.internship.tests.ProfileTest" time="0.622">
    <system-out><![CDATA[TC-027 PASSED
]]></system-out>
  </testcase>
  <testcase name="TC028_profileShowsPhotoWhenSet" classname="com.internship.tests.ProfileTest" time="0.613">
    <system-out><![CDATA[TC-028 PASSED
]]></system-out>
  </testcase>
  <testcase name="TC029_logoutFromProfile" classname="com.internship.tests.ProfileTest" time="0.203">
    <system-out><![CDATA[TC-029 PASSED
]]></system-out>
  </testcase>
  <testcase name="TC030_accessProfileWithoutLogin" classname="com.internship.tests.ProfileTest" time="0.073">
    <system-out><![CDATA[TC-030 PASSED
]]></system-out>
  </testcase>
  <testcase name="TC031_homeShowsProfilePicture" classname="com.internship.tests.HomeTest" time="2.575">
    <system-out><![CDATA[TC-031 PASSED
]]></system-out>
    <system-err><![CDATA[May 02, 2026 11:12:35 AM org.openqa.selenium.devtools.CdpVersionFinder findNearestMatch
WARNING: Unable to find CDP implementation matching 147
May 02, 2026 11:12:35 AM org.openqa.selenium.chromium.ChromiumDriver lambda$new$5
WARNING: Unable to find version of CDP to use for 147.0.7727.138. You may need to include a dependency on a specific version of the CDP using something similar to `org.seleniumhq.selenium:selenium-devtools-v86:4.18.1` where the version ("v86") matches the version of the chromium-based browser you're using and the version number of the artifact is the same as Selenium's.
]]></system-err>
  </testcase>
</testsuite>