<?xml version="1.0" encoding="UTF-8"?>
<testsuite xmlns:xsi="http://www.w3.org/2001/XMLSchema-instance" xsi:noNamespaceSchemaLocation="https://maven.apache.org/surefire/maven-surefire-plugin/xsd/surefire-test-report-3.0.xsd" version="3.0" name="TestSuite" time="29.115" tests="27" errors="0" skipped="0" failures="0">
  <properties>
[...]
</properties>
  <testcase name="TC006_allFieldsEmpty" classname="com.internship.tests.SignUpTest" time="0.978">
    <system-out><![CDATA[TC-006 PASSED
]]></system-out>
    <system-err><![CDATA[SLF4J: Failed to load class "org.slf4j.impl.StaticLoggerBinder".
SLF4J: Defaulting to no-operation (NOP) logger implementation
SLF4J: See http://www.slf4j.org/codes.html#StaticLoggerBinder for further details.
Apr 26, 2026 3:14:31 AM org.openqa.selenium.devtools.CdpVersionFinder findNearestMatch
WARNING: Unable to find CDP implementation matching 147
Apr 26, 2026 3:14:31 AM org.openqa.selenium.chromium.ChromiumDriver lambda$new$5
WARNING: Unable to find version of CDP to use for 147.0.7727.102. You may need to include a dependency on a specific version of the CDP using something similar to `org.seleniumhq.selenium:selenium-devtools-v86:4.18.1` where the version ("v86") matches the version of the chromium-based browser you're using and the version number of the artifact is the same as Selenium's.
]]></system-err>
  </testcase>
  <testcase name="TC007_firstNameOneChar" classname="com.internship.tests.SignUpTest" time="0.751">
    <system-out><![CDATA[TC-007 PASSED
]]></system-out>
  </testcase>
  <testcase name="TC008_lastNameOneChar" classname="com.internship.tests.SignUpTest" time="0.756">
    <system-out><![CDATA[TC-008 PASSED
]]></system-out>
  </testcase>
  <testcase name="TC009_passwordFiveChars" classname="com.internship.tests.SignUpTest" time="0.754">
    <system-out><![CDATA[TC-009 PASSED
]]></system-out>
  </testcase>
  <testcase name="TC010_invalidEmail" classname="com.internship.tests.SignUpTest" time="0.743">
    <system-out><![CDATA[TC-010 PASSED
]]></system-out>
  </testcase>
  <testcase name="TC011_invalidEmailMissingDomain" classname="com.internship.tests.SignUpTest" time="0.839">
    <system-out><![CDATA[TC-011 PASSED
]]></system-out>
  </testcase>
  <testcase name="TC013_uploadImageThenRemove" classname="com.internship.tests.SignUpTest" time="0.74">
    <system-out><![CDATA[TC-013 PASSED
]]></system-out>
  </testcase>
  <testcase name="TC015_duplicateEmail" classname="com.internship.tests.SignUpTest" time="1.487">
    <system-out><![CDATA[TC-015 PASSED
]]></system-out>
  </testcase>
  <testcase name="TC016_navigateToSignIn" classname="com.internship.tests.SignUpTest" time="0.719">
    <system-out><![CDATA[TC-016 PASSED
]]></system-out>
  </testcase>
  <testcase name="TC017_signInCorrectCredentials" classname="com.internship.tests.SignInTest" time="1.683">
    <system-out><![CDATA[TC-017 PASSED
]]></system-out>
    <system-err><![CDATA[Apr 26, 2026 3:14:40 AM org.openqa.selenium.devtools.CdpVersionFinder findNearestMatch
WARNING: Unable to find CDP implementation matching 147
Apr 26, 2026 3:14:40 AM org.openqa.selenium.chromium.ChromiumDriver lambda$new$5
WARNING: Unable to find version of CDP to use for 147.0.7727.102. You may need to include a dependency on a specific version of the CDP using something similar to `org.seleniumhq.selenium:selenium-devtools-v86:4.18.1` where the version ("v86") matches the version of the chromium-based browser you're using and the version number of the artifact is the same as Selenium's.
]]></system-err>
  </testcase>
  <testcase name="TC018_signInWrongPassword" classname="com.internship.tests.SignInTest" time="1.537">
    <system-out><![CDATA[TC-018 PASSED
]]></system-out>
  </testcase>
  <testcase name="TC019_signInNonExistentEmail" classname="com.internship.tests.SignInTest" time="0.917">
    <system-out><![CDATA[TC-019 PASSED
]]></system-out>
  </testcase>
  <testcase name="TC020_signInAllFieldsEmpty" classname="com.internship.tests.SignInTest" time="0.789">
    <system-out><![CDATA[TC-020 PASSED
]]></system-out>
  </testcase>
  <testcase name="TC021_signInInvalidEmail" classname="com.internship.tests.SignInTest" time="0.863">
    <system-out><![CDATA[TC-021 PASSED
]]></system-out>
  </testcase>
  <testcase name="TC022_signInEmptyPassword" classname="com.internship.tests.SignInTest" time="0.901">
    <system-out><![CDATA[TC-022 PASSED
]]></system-out>
  </testcase>
  <testcase name="TC023_loadingSpinnerDuringSignIn" classname="com.internship.tests.SignInTest" time="0.913">
    <system-out><![CDATA[TC-023 PASSED
]]></system-out>
  </testcase>
  <testcase name="TC024_navigateToSignUp" classname="com.internship.tests.SignInTest" time="0.855">
    <system-out><![CDATA[TC-024 PASSED
]]></system-out>
  </testcase>
  <testcase name="TC025_createOneLinkDisabledDuringLoading" classname="com.internship.tests.SignInTest" time="0.939">
    <system-out><![CDATA[TC-025 PASSED
]]></system-out>
  </testcase>
  <testcase name="TC026_profileDisplaysAllFields" classname="com.internship.tests.ProfileTest" time="0.652">
    <system-out><![CDATA[TC-026 PASSED
]]></system-out>
    <system-err><![CDATA[Apr 26, 2026 3:14:51 AM org.openqa.selenium.devtools.CdpVersionFinder findNearestMatch
WARNING: Unable to find CDP implementation matching 147
Apr 26, 2026 3:14:51 AM org.openqa.selenium.chromium.ChromiumDriver lambda$new$5
WARNING: Unable to find version of CDP to use for 147.0.7727.102. You may need to include a dependency on a specific version of the CDP using something similar to `org.seleniumhq.selenium:selenium-devtools-v86:4.18.1` where the version ("v86") matches the version of the chromium-based browser you're using and the version number of the artifact is the same as Selenium's.
]]></system-err>
  </testcase>
  <testcase name="TC027_passwordMaskedByDefault" classname="com.internship.tests.ProfileTest" time="0.089">
    <system-out><![CDATA[TC-027 PASSED: Password is masked, displayed as: ••••••••••••
]]></system-out>
  </testcase>
  <testcase name="TC028_togglePasswordVisibility" classname="com.internship.tests.ProfileTest" time="0.296">
    <system-out><![CDATA[TC-028 PASSED
]]></system-out>
  </testcase>
  <testcase name="TC029_updateProfilePicture" classname="com.internship.tests.ProfileTest" time="0.111">
    <system-out><![CDATA[TC-029 PASSED
]]></system-out>
  </testcase>
  <testcase name="TC030_profileShowsInitialsWhenNoPhoto" classname="com.internship.tests.ProfileTest" time="0.088">
    <system-out><![CDATA[TC-030 PASSED
]]></system-out>
  </testcase>
  <testcase name="TC031_profileShowsPhotoWhenSet" classname="com.internship.tests.ProfileTest" time="0.09">
    <system-out><![CDATA[TC-031 PASSED
]]></system-out>
  </testcase>
  <testcase name="TC032_logoutFromProfile" classname="com.internship.tests.ProfileTest" time="0.698">
    <system-out><![CDATA[TC-032 PASSED
]]></system-out>
  </testcase>
  <testcase name="TC034_accessProfileWithoutLogin" classname="com.internship.tests.ProfileTest" time="0.062">
    <system-out><![CDATA[TC-034 PASSED
]]></system-out>
  </testcase>
  <testcase name="TC036_homeShowsProfilePicture" classname="com.internship.tests.HomeTest" time="1.599">
    <system-out><![CDATA[TC-036 PASSED
]]></system-out>
    <system-err><![CDATA[Apr 26, 2026 3:14:56 AM org.openqa.selenium.devtools.CdpVersionFinder findNearestMatch
WARNING: Unable to find CDP implementation matching 147
Apr 26, 2026 3:14:56 AM org.openqa.selenium.chromium.ChromiumDriver lambda$new$5
WARNING: Unable to find version of CDP to use for 147.0.7727.102. You may need to include a dependency on a specific version of the CDP using something similar to `org.seleniumhq.selenium:selenium-devtools-v86:4.18.1` where the version ("v86") matches the version of the chromium-based browser you're using and the version number of the artifact is the same as Selenium's.
]]></system-err>
  </testcase>
</testsuite>